[17792:17908:0827/183548.602:INFO:components\enterprise\browser\controller\chrome_browser_cloud_management_controller.cc:202] No machine level policy manager exists.
[17792:17908:0827/183549.916:INFO:CONSOLE:0] "Failed to find a valid digest in the 'integrity' attribute for resource 'https://cdnjs.cloudflare.com/ajax/libs/font-awesome/6.0.0-beta3/css/all.min.css' with computed SHA-384 integrity '5e2ESR8Ycmos6g3gAKr1Jvwye8sW4U1u/cAKulfVJnkakCcMqhOudbtPnvJ+nbv7'. The resource has been blocked.", source: http://localhost:3000/ (0)
[17792:17908:0827/183550.620:INFO:CONSOLE:115591] "%cDownload the React DevTools for a better development experience: https://reactjs.org/link/react-devtools font-weight:bold", source: http://localhost:3000/static/js/bundle.js (115591)
[17792:17908:0827/183550.889:INFO:CONSOLE:4341] "userData [object Object]", source: http://localhost:3000/static/js/bundle.js (4341)
[17792:15536:0827/183553.944:ERROR:google_apis\gcm\engine\registration_request.cc:291] Registration response error message: DEPRECATED_ENDPOINT
[17792:17908:0827/183557.316:INFO:CONSOLE:4341] "userData [object Object]", source: http://localhost:3000/static/js/bundle.js (4341)
[17792:17908:0827/183557.432:INFO:CONSOLE:0] "[DOM] Input elements should have autocomplete attributes (suggested: "current-password"): (More info: https://goo.gl/9p2vKq) %o", source: http://localhost:3000/register (0)
[17792:17908:0827/183603.291:INFO:CONSOLE:4341] "userData [object Object]", source: http://localhost:3000/static/js/bundle.js (4341)
[17792:17908:0827/183603.397:INFO:CONSOLE:0] "[DOM] Input elements should have autocomplete attributes (suggested: "current-password"): (More info: https://goo.gl/9p2vKq) %o", source: http://localhost:3000/login (0)
[17792:17908:0827/183610.444:INFO:CONSOLE:4341] "userData [object Object]", source: http://localhost:3000/static/js/bundle.js (4341)
[17792:17908:0827/183613.957:INFO:CONSOLE:14390] "response [object Object]", source: http://localhost:3000/static/js/bundle.js (14390)
[17792:17908:0827/183613.958:INFO:CONSOLE:14404] "id 40943df5-4a53-4164-8190-5ca3af42635a", source: http://localhost:3000/static/js/bundle.js (14404)
[17792:17908:0827/183613.967:INFO:CONSOLE:4341] "userData [object Object]", source: http://localhost:3000/static/js/bundle.js (4341)
[17792:17908:0827/183613.972:INFO:CONSOLE:4341] "userData [object Object]", source: http://localhost:3000/static/js/bundle.js (4341)
[17792:17908:0827/183614.015:INFO:CONSOLE:4341] "userData [object Object]", source: http://localhost:3000/static/js/bundle.js (4341)
[17792:17908:0827/183614.031:INFO:CONSOLE:14377] "response [object Object]", source: http://localhost:3000/static/js/bundle.js (14377)
[17792:17908:0827/183614.080:INFO:CONSOLE:4341] "userData [object Object]", source: http://localhost:3000/static/js/bundle.js (4341)
[17792:17908:0827/183614.084:INFO:CONSOLE:4341] "userData [object Object]", source: http://localhost:3000/static/js/bundle.js (4341)
[17792:17908:0827/183619.081:INFO:CONSOLE:4341] "userData [object Object]", source: http://localhost:3000/static/js/bundle.js (4341)
[17792:17908:0827/183619.129:INFO:CONSOLE:4341] "userData [object Object]", source: http://localhost:3000/static/js/bundle.js (4341)
[17792:17908:0827/183619.132:INFO:CONSOLE:4341] "userData [object Object]", source: http://localhost:3000/static/js/bundle.js (4341)
[17792:15536:0827/183619.511:ERROR:google_apis\gcm\engine\registration_request.cc:291] Registration response error message: DEPRECATED_ENDPOINT
[17792:17908:0827/183621.246:INFO:CONSOLE:4341] "userData [object Object]", source: http://localhost:3000/static/js/bundle.js (4341)
[17792:17908:0827/183621.246:INFO:CONSOLE:5171] "shoppingCartFromStore [object Object]", source: http://localhost:3000/static/js/bundle.js (5171)
[17792:17908:0827/183622.364:INFO:CONSOLE:4341] "userData [object Object]", source: http://localhost:3000/static/js/bundle.js (4341)
[17792:17908:0827/183622.366:INFO:CONSOLE:5171] "shoppingCartFromStore [object Object]", source: http://localhost:3000/static/js/bundle.js (5171)
[17792:17908:0827/183622.434:INFO:CONSOLE:4341] "userData [object Object]", source: http://localhost:3000/static/js/bundle.js (4341)
[17792:17908:0827/183622.436:INFO:CONSOLE:5171] "shoppingCartFromStore [object Object]", source: http://localhost:3000/static/js/bundle.js (5171)
[17792:17908:0827/183622.458:INFO:CONSOLE:4341] "userData [object Object]", source: http://localhost:3000/static/js/bundle.js (4341)
[17792:17908:0827/183622.462:INFO:CONSOLE:4341] "userData [object Object]", source: http://localhost:3000/static/js/bundle.js (4341)
[17792:17908:0827/183622.464:INFO:CONSOLE:5171] "shoppingCartFromStore [object Object]", source: http://localhost:3000/static/js/bundle.js (5171)
[17792:17908:0827/183622.951:INFO:CONSOLE:4341] "userData [object Object]", source: http://localhost:3000/static/js/bundle.js (4341)
[17792:17908:0827/183622.953:INFO:CONSOLE:5171] "shoppingCartFromStore [object Object]", source: http://localhost:3000/static/js/bundle.js (5171)
[17792:17908:0827/183623.021:INFO:CONSOLE:4341] "userData [object Object]", source: http://localhost:3000/static/js/bundle.js (4341)
[17792:17908:0827/183623.022:INFO:CONSOLE:5171] "shoppingCartFromStore [object Object]", source: http://localhost:3000/static/js/bundle.js (5171)
[17792:17908:0827/183623.037:INFO:CONSOLE:4341] "userData [object Object]", source: http://localhost:3000/static/js/bundle.js (4341)
[17792:17908:0827/183623.041:INFO:CONSOLE:4341] "userData [object Object]", source: http://localhost:3000/static/js/bundle.js (4341)
[17792:17908:0827/183623.042:INFO:CONSOLE:5171] "shoppingCartFromStore [object Object]", source: http://localhost:3000/static/js/bundle.js (5171)
[17792:17908:0827/183624.039:INFO:CONSOLE:4341] "userData [object Object]", source: http://localhost:3000/static/js/bundle.js (4341)
[17792:17908:0827/183624.041:INFO:CONSOLE:5171] "shoppingCartFromStore [object Object]", source: http://localhost:3000/static/js/bundle.js (5171)
[17792:17908:0827/183624.094:INFO:CONSOLE:4341] "userData [object Object]", source: http://localhost:3000/static/js/bundle.js (4341)
[17792:17908:0827/183624.096:INFO:CONSOLE:5171] "shoppingCartFromStore [object Object]", source: http://localhost:3000/static/js/bundle.js (5171)
[17792:17908:0827/183624.112:INFO:CONSOLE:4341] "userData [object Object]", source: http://localhost:3000/static/js/bundle.js (4341)
[17792:17908:0827/183624.115:INFO:CONSOLE:4341] "userData [object Object]", source: http://localhost:3000/static/js/bundle.js (4341)
[17792:17908:0827/183624.116:INFO:CONSOLE:5171] "shoppingCartFromStore [object Object]", source: http://localhost:3000/static/js/bundle.js (5171)
[17792:17908:0827/183625.916:INFO:CONSOLE:4341] "userData [object Object]", source: http://localhost:3000/static/js/bundle.js (4341)
[17792:17908:0827/183625.929:INFO:CONSOLE:12711] "Data [object Object]", source: http://localhost:3000/static/js/bundle.js (12711)
[17792:17908:0827/183625.947:INFO:CONSOLE:1] "You may test your Stripe.js integration over HTTP. However, live Stripe.js integrations must use HTTPS.", source: https://js.stripe.com/v3 (1)
[17792:17908:0827/183626.656:INFO:CONSOLE:1] "[Stripe.js] If you are testing Apple Pay or Google Pay, you must serve this page over HTTPS as it will not work over HTTP. Please read https://stripe.com/docs/stripe-js/elements/payment-request-button#html-js-prerequisites for more details.", source: https://js.stripe.com/v3/fingerprinted/js/controller-with-preconnect-d27733e65996a033939aa1122ad3168e.js (1)
[17792:17908:0827/183627.337:INFO:CONSOLE:1] "[Stripe.js] You have not registered or verified the domain, so the following payment methods are not enabled in the Payment Element: 

- apple_pay

Please follow https://stripe.com/docs/payments/payment-methods/pmd-registration to register and verify the domain.", source: https://js.stripe.com/v3/fingerprinted/js/controller-with-preconnect-d27733e65996a033939aa1122ad3168e.js (1)
[17792:17908:0827/183631.889:INFO:CONSOLE:27] "Failed to find a valid digest in the 'integrity' attribute for resource 'https://cdnjs.cloudflare.com/ajax/libs/font-awesome/6.0.0-beta3/css/all.min.css' with computed SHA-384 integrity '5e2ESR8Ycmos6g3gAKr1Jvwye8sW4U1u/cAKulfVJnkakCcMqhOudbtPnvJ+nbv7'. The resource has been blocked.", source: http://localhost:3000/admin (27)
[17792:17908:0827/183631.935:INFO:CONSOLE:115591] "%cDownload the React DevTools for a better development experience: https://reactjs.org/link/react-devtools font-weight:bold", source: http://localhost:3000/static/js/bundle.js (115591)
[17792:17908:0827/183650.946:INFO:CONSOLE:7139] "response [object Object]", source: http://localhost:3000/static/js/bundle.js (7139)
[17792:15536:0827/183716.758:ERROR:google_apis\gcm\engine\registration_request.cc:291] Registration response error message: DEPRECATED_ENDPOINT
[17792:17908:0827/183738.077:INFO:CONSOLE:27] "Failed to find a valid digest in the 'integrity' attribute for resource 'https://cdnjs.cloudflare.com/ajax/libs/font-awesome/6.0.0-beta3/css/all.min.css' with computed SHA-384 integrity '5e2ESR8Ycmos6g3gAKr1Jvwye8sW4U1u/cAKulfVJnkakCcMqhOudbtPnvJ+nbv7'. The resource has been blocked.", source: http://localhost:3000/admin (27)
[17792:17908:0827/183738.107:INFO:CONSOLE:115591] "%cDownload the React DevTools for a better development experience: https://reactjs.org/link/react-devtools font-weight:bold", source: http://localhost:3000/static/js/bundle.js (115591)
[17792:17908:0827/183914.478:INFO:CONSOLE:27] "Failed to find a valid digest in the 'integrity' attribute for resource 'https://cdnjs.cloudflare.com/ajax/libs/font-awesome/6.0.0-beta3/css/all.min.css' with computed SHA-384 integrity '5e2ESR8Ycmos6g3gAKr1Jvwye8sW4U1u/cAKulfVJnkakCcMqhOudbtPnvJ+nbv7'. The resource has been blocked.", source: http://localhost:3000/admin (27)
[17792:17908:0827/183914.517:INFO:CONSOLE:115591] "%cDownload the React DevTools for a better development experience: https://reactjs.org/link/react-devtools font-weight:bold", source: http://localhost:3000/static/js/bundle.js (115591)
[17792:15536:0827/183915.581:ERROR:google_apis\gcm\engine\registration_request.cc:291] Registration response error message: DEPRECATED_ENDPOINT
[17804:3584:0827/183926.292:WARNING:net\extras\sqlite\sqlite_persistent_store_backend_base.cc:176] Failed to post task from FlushAndNotifyInBackground@net\extras\sqlite\sqlite_persistent_store_backend_base.cc:226 to client_task_runner_.
[17804:3584:0827/183926.292:WARNING:net\extras\sqlite\sqlite_persistent_store_backend_base.cc:176] Failed to post task from FlushAndNotifyInBackground@net\extras\sqlite\sqlite_persistent_store_backend_base.cc:226 to client_task_runner_.
